<?xml version="1.0" encoding="UTF-8"?>
<!-- Generated by org.testng.reporters.JUnitReportReporter -->
<testsuite hostname="chethan" name="playStorePackage.PlayStore_APK_Upload" tests="1" failures="0" timestamp="7 Dec 2015 06:54:43 GMT" time="100.011" errors="0">
  <testcase name="login" time="100.011" classname="playStorePackage.PlayStore_APK_Upload"/>
</testsuite> <!-- playStorePackage.PlayStore_APK_Upload -->
